#! /usr/local/bin/vvp
:ivl_version "13.0 (devel)" "(s20221226-554-g25a84d5cf)";
:ivl_delay_selection "TYPICAL";
:vpi_time_precision + 0;
:vpi_module "/usr/local/lib/ivl/system.vpi";
:vpi_module "/usr/local/lib/ivl/vhdl_sys.vpi";
:vpi_module "/usr/local/lib/ivl/vhdl_textio.vpi";
:vpi_module "/usr/local/lib/ivl/v2005_math.vpi";
:vpi_module "/usr/local/lib/ivl/va_math.vpi";
S_0x614000000240 .scope module, "module_1" "module_1" 2 4;
 .timescale 0 0;
    .port_info 0 /INPUT 1 "id_0";
    .port_info 1 /INPUT 1 "id_1";
    .port_info 2 /INPUT 1 "id_2";
    .port_info 3 /INPUT 1 "_id_3";
    .port_info 4 /INPUT 1 "id_4";
    .port_info 5 /INPUT 1 "id_5";
    .port_info 6 /INPUT 1 "id_6";
    .port_info 7 /INPUT 1 "id_7";
    .port_info 8 /INPUT 1 "id_8";
    .port_info 9 /INPUT 1 "id_9";
    .port_info 10 /OUTPUT 1 "id_10";
    .port_info 11 /OUTPUT 1 "id_11";
    .port_info 12 /INPUT 1 "id_12";
    .port_info 13 /OUTPUT 1 "id_13";
    .port_info 14 /OUTPUT 1 "id_14";
P_0x60c000001840 .param/l "id_16" 1 2 24, +C4<11111111111111111111111111111111>;
P_0x60c000001880 .param/l "id_3" 0 2 5, C4<00000000000000000000000000011100>;
o0x7ea26b254808 .functor BUFZ 1, c4<z>; HiZ drive
v0x60d000000860_0 .net "_id_3", 0 0, o0x7ea26b254808;  0 drivers
o0x7ea26b254838 .functor BUFZ 1, c4<z>; HiZ drive
v0x60d000000930_0 .net "id_0", 0 0, o0x7ea26b254838;  0 drivers
o0x7ea26b254868 .functor BUFZ 1, c4<z>; HiZ drive
v0x60d000000a00_0 .net "id_1", 0 0, o0x7ea26b254868;  0 drivers
L_0x60b000000460 .functor BUFT 1, C8<771>, C4<0>, C4<0>, C4<0>;
v0x60d000000ad0_0 .net8 "id_10", 0 0, L_0x60b000000460;  1 drivers, strength-aware
o0x7ea26b2548c8 .functor BUFZ 1, c4<z>; HiZ drive
v0x60d000000ba0_0 .net "id_11", 0 0, o0x7ea26b2548c8;  0 drivers
o0x7ea26b2548f8 .functor BUFZ 1, c4<z>; HiZ drive
v0x60d000000c70_0 .net "id_12", 0 0, o0x7ea26b2548f8;  0 drivers
L_0x60b000000510 .functor BUFT 1, C8<770>, C4<0>, C4<0>, C4<0>;
v0x60d000000d40_0 .net8 "id_13", 0 0, L_0x60b000000510;  1 drivers, strength-aware
o0x7ea26b254958 .functor BUFT 1, c8<551>, C4<0>, C4<0>, C4<0>; pull drive
v0x60d000000e10_0 .net8 "id_14", 0 0, o0x7ea26b254958;  0 drivers, strength-aware
L_0x7ea26b209808 .functor BUFT 1, C4<0>, C4<0>, C4<0>, C4<0>;
v0x60d000000ee0_0 .net "id_17", 0 0, L_0x7ea26b209808;  1 drivers
o0x7ea26b2549b8 .functor BUFT 1, c8<550>, C4<0>, C4<0>, C4<0>; pull drive
v0x60d000000fb0_0 .net8 "id_2", 0 0, o0x7ea26b2549b8;  0 drivers, strength-aware
o0x7ea26b2549e8 .functor BUFZ 1, c4<z>; HiZ drive
v0x60d000001080_0 .net "id_4", 0 0, o0x7ea26b2549e8;  0 drivers
o0x7ea26b254a18 .functor BUFZ 1, c4<z>; HiZ drive
v0x60d000001150_0 .net "id_5", 0 0, o0x7ea26b254a18;  0 drivers
o0x7ea26b254a48 .functor BUFT 1, c8<551>, C4<0>, C4<0>, C4<0>; pull drive
v0x60d000001220_0 .net8 "id_6", 0 0, o0x7ea26b254a48;  0 drivers, strength-aware
o0x7ea26b254a78 .functor BUFZ 1, c4<z>; HiZ drive
v0x60d0000012f0_0 .net "id_7", 0 0, o0x7ea26b254a78;  0 drivers
o0x7ea26b254aa8 .functor BUFZ 1, c4<z>; HiZ drive
v0x60d0000013c0_0 .net "id_8", 0 0, o0x7ea26b254aa8;  0 drivers
o0x7ea26b254ad8 .functor BUFT 1, c8<550>, C4<0>, C4<0>, C4<0>; pull drive
v0x60d000001490_0 .net8 "id_9", 0 0, o0x7ea26b254ad8;  0 drivers, strength-aware
S_0x614000000440 .scope module, "modCall_1" "module_0" 2 23, 2 2 0, S_0x614000000240;
 .timescale 0 0;
# The file index is used to find the file name in the following table.
:file_names 3;
    "N/A";
    "<interactive>";
    "./1_gram_verilog_file_2269.v";
